<?xml version="1.0" encoding="UTF-8"?>
<!-- Generated by org.testng.reporters.JUnitReportReporter -->
<testsuite hostname="DESKTOP-GODQLGU" failures="0" tests="1" name="Reusable_components.BaseTest" time="4.656" errors="0" timestamp="2024-04-04T21:03:45 IST" skipped="0">
  <testcase classname="Reusable_components.BaseTest" name="initializingBrowser" time="4.656"/>
</testsuite> <!-- Reusable_components.BaseTest -->
