<?xml version="1.0" encoding="UTF-8"?>
<!-- Generated by org.testng.reporters.JUnitReportReporter -->
<testsuite hostname="DESKTOP-GODQLGU" failures="0" tests="1" name="Cucumber.TestRunner" time="3.687" errors="0" timestamp="2024-04-07T14:58:19 IST" skipped="0">
  <testcase classname="Cucumber.TestRunner" name="runScenario" time="3.687"/>
</testsuite> <!-- Cucumber.TestRunner -->
