<?xml version="1.0" encoding="UTF-8"?>
<!-- Generated by org.testng.reporters.JUnitReportReporter -->
<testsuite hostname="DESKTOP-GODQLGU" failures="0" tests="2" name="Test.ErrorValidation" time="10.002" errors="0" timestamp="2024-04-05T18:37:35 IST" skipped="0">
  <testcase classname="Test.ErrorValidation" name="error" time="4.661"/>
  <testcase classname="Test.ErrorValidation" name="ProductErrorValidation" time="5.341"/>
</testsuite> <!-- Test.ErrorValidation -->
